Arguments: 
  C:\Program Files\nodejs\node.exe C:\Program Files (x86)\Yarn\bin\yarn.js install

PATH: 
  C:\ProgramData\Oracle\Java\javapath;C:\Windows\system32;C:\Windows;C:\Windows\System32\Wbem;C:\Windows\System32\WindowsPowerShell\v1.0\;C:\Program Files (x86)\NVIDIA Corporation\PhysX\Common;C:\Program Files\Java\JDK\bin;C:\Program Files\Java\JAVAJRE\bin;C:\Program Files (x86)\Yarn\bin;C:\Program Files\Git\cmd;C:\Program Files\dotnet\;C:\Program Files\Microsoft SQL Server\130\Tools\Binn\;C:\Users\prith\AppData\Local\atom\bin;F:\DATABASES\PostgreSQL\10\bin;C:\Program Files\MySQL\MySQL Utilities 1.6\;C:\Program Files\MySQL\MySQL Server 5.7\bin;F:\DATABASES\PHP;C:\Program Files\Microsoft SQL Server\Client SDK\ODBC\130\Tools\Binn\;C:\Program Files (x86)\Microsoft SQL Server\140\Tools\Binn\;C:\Program Files\Microsoft SQL Server\140\Tools\Binn\;C:\Program Files\Microsoft SQL Server\140\DTS\Binn\;C:\Program Files (x86)\Microsoft SQL Server\Client SDK\ODBC\130\Tools\Binn\;C:\Program Files (x86)\Microsoft SQL Server\140\DTS\Binn\;C:\Program Files (x86)\Microsoft SQL Server\140\Tools\Binn\ManagementStudio\;C:\Users\prith\AppData\Local\Android\android-sdk\platform-tools\;C:\Users\prith\AppData\Local\Android\android-sdk\tools;C:\Program Files\nodejs\;C:\Program Files\Git\bin;C:\Users\prith\Anaconda3;C:\Users\prith\Anaconda3\Library\mingw-w64\bin;C:\Users\prith\Anaconda3\Library\usr\bin;C:\Users\prith\Anaconda3\Library\bin;C:\Users\prith\Anaconda3\Scripts;C:\Users\prith\.cargo\bin;C:\Ruby24-x64\bin;C:\Users\prith\AppData\Local\Microsoft\WindowsApps;C:\Users\prith\AppData\Local\Yarn\bin;C:\Program Files\Microsoft VS Code\bin;C:\Program Files\Heroku\bin;C:\Program Files (x86)\CodeBlocks\MinGW\bin;C:\Users\prith\AppData\Roaming\npm

Yarn version: 
  1.3.2

Node version: 
  8.9.3

Platform: 
  win32 x64

npm manifest: 
  {
    "name": "book-shop-client",
    "version": "0.0.0",
    "license": "MIT",
    "scripts": {
      "ng": "ng",
      "start": "ng serve",
      "build": "ng build --prod",
      "test": "ng test",
      "lint": "ng lint",
      "e2e": "ng e2e"
    },
    "private": true,
    "dependencies": {
      "@angular/animations": "^5.2.0",
      "@angular/common": "^5.2.0",
      "@angular/compiler": "^5.2.0",
      "@angular/core": "^5.2.0",
      "@angular/forms": "^5.2.0",
      "@angular/http": "^5.2.0",
      "@angular/platform-browser": "^5.2.0",
      "@angular/platform-browser-dynamic": "^5.2.0",
      "@angular/router": "^5.2.0",
      "core-js": "^2.4.1",
      "rxjs": "^5.5.6",
      "zone.js": "^0.8.19"
    },
    "devDependencies": {
      "@angular/cli": "1.6.5",
      "@angular/compiler-cli": "^5.2.0",
      "@angular/language-service": "^5.2.0",
      "@types/jasmine": "~2.8.3",
      "@types/jasminewd2": "~2.0.2",
      "@types/node": "~6.0.60",
      "codelyzer": "^4.0.1",
      "jasmine-core": "~2.8.0",
      "jasmine-spec-reporter": "~4.2.1",
      "karma": "~2.0.0",
      "karma-chrome-launcher": "~2.2.0",
      "karma-cli": "~1.0.1",
      "karma-coverage-istanbul-reporter": "^1.2.1",
      "karma-jasmine": "~1.1.0",
      "karma-jasmine-html-reporter": "^0.2.2",
      "protractor": "~5.1.2",
      "ts-node": "~4.1.0",
      "tslint": "~5.9.1",
      "typescript": "~2.5.3"
    }
  }

yarn manifest: 
  No manifest

Lockfile: 
  No lockfile

Trace: 
  Error: https://registry.yarnpkg.com/rxjs/-/rxjs-5.5.6.tgz: ESOCKETTIMEDOUT
      at ClientRequest.<anonymous> (C:\Program Files (x86)\Yarn\lib\cli.js:123716:19)
      at Object.onceWrapper (events.js:313:30)
      at emitNone (events.js:106:13)
      at ClientRequest.emit (events.js:208:7)
      at TLSSocket.emitTimeout (_http_client.js:708:34)
      at Object.onceWrapper (events.js:313:30)
      at emitNone (events.js:106:13)
      at TLSSocket.emit (events.js:208:7)
      at TLSSocket.Socket._onTimeout (net.js:407:8)
      at ontimeout (timers.js:475:11)
